10:57:14 [localhost-startStop-1] INFO  o.b.w.d.SpringWebApplicationInitializer - 
10:57:14 [localhost-startStop-1] INFO  o.b.w.d.SpringWebApplicationInitializer - d8888b.  .d88b.  d8b   db d888888b d888888b  .d8b.    .d8888.  .d88b.  d88888b d888888b
10:57:14 [localhost-startStop-1] INFO  o.b.w.d.SpringWebApplicationInitializer - 88  `8D .8P  Y8. 888o  88   `88'   `~~88~~' d8' `8b   88'  YP .8P  Y8. 88'     `~~88~~'
10:57:14 [localhost-startStop-1] INFO  o.b.w.d.SpringWebApplicationInitializer - 88oooY' 88    88 88V8o 88    88       88    88ooo88   `8bo.   88    88 88ooo      88  
10:57:14 [localhost-startStop-1] INFO  o.b.w.d.SpringWebApplicationInitializer - 88~~~b. 88    88 88 V8o88    88       88    88~~~88     `Y8b. 88    88 88~~~      88  
10:57:14 [localhost-startStop-1] INFO  o.b.w.d.SpringWebApplicationInitializer - 88   8D `8b  d8' 88  V888   .88.      88    88   88   db   8D `8b  d8' 88         88   
10:57:14 [localhost-startStop-1] INFO  o.b.w.d.SpringWebApplicationInitializer - Y8888P'  `Y88P'  VP   V8P Y888888P    YP    YP   YP   `8888Y'  `Y88P'  YP         YP   
10:57:14 [localhost-startStop-1] INFO  o.b.w.d.SpringWebApplicationInitializer - ====================================================================================================
10:57:14 [localhost-startStop-1] INFO  o.b.w.d.SpringWebApplicationInitializer - UI-DESIGNER : Community edition v.1.10.28
10:57:14 [localhost-startStop-1] INFO  o.b.w.d.SpringWebApplicationInitializer - ====================================================================================================
10:57:14 [localhost-startStop-1] WARN  o.b.w.d.SpringWebApplicationInitializer - System property bonita.portal.origin is not set. Same origin as UI Designer will be used for portal calls.
10:57:14 [localhost-startStop-1] WARN  o.b.w.d.SpringWebApplicationInitializer - System property bonita.portal.origin is not set. Same origin as UI Designer will be used for portal calls.
10:57:14 [localhost-startStop-1] WARN  o.b.w.d.SpringWebApplicationInitializer - System property bonita.portal.origin is not set. Same origin as UI Designer will be used for portal calls.
10:57:14 [localhost-startStop-1] WARN  o.b.w.d.SpringWebApplicationInitializer - System property bonita.portal.origin is not set. Same origin as UI Designer will be used for portal calls.
10:57:14 [localhost-startStop-1] WARN  o.b.w.d.SpringWebApplicationInitializer - System property bonita.portal.origin is not set. Same origin as UI Designer will be used for portal calls.
10:57:14 [localhost-startStop-1] WARN  o.b.w.d.SpringWebApplicationInitializer - System property bonita.portal.origin is not set. Same origin as UI Designer will be used for portal calls.
10:57:14 [localhost-startStop-1] WARN  o.b.w.d.SpringWebApplicationInitializer - System property bonita.portal.origin is not set. Same origin as UI Designer will be used for portal calls.
10:57:14 [localhost-startStop-1] WARN  o.b.w.d.SpringWebApplicationInitializer - System property bonita.portal.origin is not set. Same origin as UI Designer will be used for portal calls.
10:57:14 [localhost-startStop-1] WARN  o.b.w.d.SpringWebApplicationInitializer - System property bonita.data.repository.origin is not set. Same origin as UI Designer will be used for repository calls.
10:57:14 [localhost-startStop-1] INFO  o.s.w.c.ContextLoader - Root WebApplicationContext: initialization started
10:57:15 [localhost-startStop-1] INFO  o.b.w.d.c.DesignerConfigConditional - Conf loaded :  Community edition
10:57:15 [localhost-startStop-1] INFO  o.b.w.d.c.DesignerConfigConditional - Conf loaded :  Community edition
10:57:15 [localhost-startStop-1] INFO  o.b.w.d.c.DesignerConfigConditional - Conf loaded :  Community edition
10:57:15 [localhost-startStop-1] INFO  o.b.w.d.c.DesignerConfigConditional - Conf loaded :  Community edition
10:57:15 [localhost-startStop-1] INFO  o.b.w.d.c.DesignerConfigConditional - Conf loaded :  Community edition
10:57:15 [localhost-startStop-1] INFO  o.b.w.d.c.DesignerConfigConditional - Conf loaded :  Community edition
10:57:16 [localhost-startStop-1] INFO  o.h.v.i.u.Version - HV000001: Hibernate Validator 5.4.1.Final
10:57:17 [localhost-startStop-1] INFO  o.s.s.c.ThreadPoolTaskExecutor - Initializing ExecutorService 'clientInboundChannelExecutor'
10:57:17 [localhost-startStop-1] INFO  o.s.s.c.ThreadPoolTaskExecutor - Initializing ExecutorService 'clientOutboundChannelExecutor'
10:57:18 [localhost-startStop-1] INFO  o.b.w.d.c.WebMvcConfiguration - Adding welcome page: file:/home/bonitasoft/Desktop/Workspace/git/bonita-web-pages/uid-pages/page-tenant-status/build/uid/.extract/webapps/bonita/WEB-INF/classes/static/index.html
10:57:19 [localhost-startStop-1] INFO  o.s.s.c.ThreadPoolTaskScheduler - Initializing ExecutorService 'messageBrokerTaskScheduler'
10:57:19 [localhost-startStop-1] INFO  o.s.s.c.ThreadPoolTaskExecutor - Initializing ExecutorService 'brokerChannelExecutor'
10:57:19 [localhost-startStop-1] INFO  o.s.m.s.b.SimpleBrokerMessageHandler - Starting...
10:57:19 [localhost-startStop-1] INFO  o.s.m.s.b.SimpleBrokerMessageHandler - BrokerAvailabilityEvent[available=true, SimpleBrokerMessageHandler [DefaultSubscriptionRegistry[cache[0 destination(s)], registry[0 sessions]]]]
10:57:19 [localhost-startStop-1] INFO  o.s.m.s.b.SimpleBrokerMessageHandler - Started.
10:57:19 [localhost-startStop-1] INFO  o.s.w.c.ContextLoader - Root WebApplicationContext initialized in 4401 ms
10:57:19 [localhost-startStop-1] INFO  o.s.w.s.DispatcherServlet - Initializing Servlet 'dispatcher'
10:57:19 [localhost-startStop-1] INFO  o.s.w.s.DispatcherServlet - Completed initialization in 14 ms
10:57:19 [http-bio-3001-exec-2] INFO  o.b.w.d.c.e.Exporter - export step org.bonitasoft.web.designer.controller.export.steps.AssetExportStep
10:57:19 [http-bio-3001-exec-2] INFO  o.b.w.d.c.e.Exporter - export step org.bonitasoft.web.designer.controller.export.steps.HtmlExportStep
10:57:20 [http-bio-3001-exec-2] INFO  o.b.w.d.c.e.Exporter - export step org.bonitasoft.web.designer.controller.export.steps.PagePropertiesExportStep
10:57:20 [http-bio-3001-exec-2] INFO  o.b.w.d.c.e.Exporter - export step org.bonitasoft.web.designer.controller.export.steps.WidgetsExportStep
10:57:20 [localhost-startStop-1] INFO  o.s.m.s.b.SimpleBrokerMessageHandler - Stopping...
10:57:20 [localhost-startStop-1] INFO  o.s.m.s.b.SimpleBrokerMessageHandler - BrokerAvailabilityEvent[available=false, SimpleBrokerMessageHandler [DefaultSubscriptionRegistry[cache[0 destination(s)], registry[0 sessions]]]]
10:57:20 [localhost-startStop-1] INFO  o.s.m.s.b.SimpleBrokerMessageHandler - Stopped.
10:57:20 [localhost-startStop-1] INFO  o.s.s.c.ThreadPoolTaskExecutor - Shutting down ExecutorService 'brokerChannelExecutor'
10:57:20 [localhost-startStop-1] INFO  o.s.s.c.ThreadPoolTaskScheduler - Shutting down ExecutorService 'messageBrokerTaskScheduler'
10:57:20 [localhost-startStop-1] INFO  o.s.s.c.ThreadPoolTaskExecutor - Shutting down ExecutorService 'clientOutboundChannelExecutor'
10:57:20 [localhost-startStop-1] INFO  o.s.s.c.ThreadPoolTaskExecutor - Shutting down ExecutorService 'clientInboundChannelExecutor'
